This is pdfTeXk, Version 3.141592-1.40.3 (Web2C 7.5.6) (format=pdflatex 2009.7.2)  2 MAY 2011 23:59
entering extended mode
 %&-line parsing enabled.
**mario
(./mario.tex
LaTeX2e <2005/12/01>
Babel <v3.8h> and hyphenation patterns for english, usenglishmax, dumylang, noh
yphenation, loaded.
(./IEEEtran.cls
Document Class: IEEEtran 2007/03/05 V1.7a by Michael Shell
-- See the "IEEEtran_HOWTO" manual for usage information.
-- http://www.michaelshell.org/tex/ieeetran/
\@IEEEtrantmpdimenA=\dimen102
\@IEEEtrantmpdimenB=\dimen103
\@IEEEtrantmpcountA=\count79
\@IEEEtrantmpcountB=\count80
\@IEEEtrantmptoksA=\toks14
LaTeX Font Info:    Try loading font information for OT1+ptm on input line 366.

(/usr/share/texmf-texlive/tex/latex/psnfss/ot1ptm.fd
File: ot1ptm.fd 2001/06/04 font definitions for OT1/ptm.
)
-- Using 8.5in x 11in (letter) paper.
-- Using PDF output.
\@IEEEnormalsizeunitybaselineskip=\dimen104
-- This is a 10 point document.
\CLASSINFOnormalsizebaselineskip=\dimen105
\CLASSINFOnormalsizeunitybaselineskip=\dimen106
\IEEEnormaljot=\dimen107
LaTeX Font Info:    Font shape `OT1/ptm/bx/n' in size <5> not available
(Font)              Font shape `OT1/ptm/b/n' tried instead on input line 724.
LaTeX Font Info:    Font shape `OT1/ptm/bx/it' in size <5> not available
(Font)              Font shape `OT1/ptm/b/it' tried instead on input line 724.
LaTeX Font Info:    Font shape `OT1/ptm/bx/n' in size <7> not available
(Font)              Font shape `OT1/ptm/b/n' tried instead on input line 724.
LaTeX Font Info:    Font shape `OT1/ptm/bx/it' in size <7> not available
(Font)              Font shape `OT1/ptm/b/it' tried instead on input line 724.
LaTeX Font Info:    Font shape `OT1/ptm/bx/n' in size <8> not available
(Font)              Font shape `OT1/ptm/b/n' tried instead on input line 724.
LaTeX Font Info:    Font shape `OT1/ptm/bx/it' in size <8> not available
(Font)              Font shape `OT1/ptm/b/it' tried instead on input line 724.
LaTeX Font Info:    Font shape `OT1/ptm/bx/n' in size <9> not available
(Font)              Font shape `OT1/ptm/b/n' tried instead on input line 724.
LaTeX Font Info:    Font shape `OT1/ptm/bx/it' in size <9> not available
(Font)              Font shape `OT1/ptm/b/it' tried instead on input line 724.
LaTeX Font Info:    Font shape `OT1/ptm/bx/n' in size <10> not available
(Font)              Font shape `OT1/ptm/b/n' tried instead on input line 724.
LaTeX Font Info:    Font shape `OT1/ptm/bx/it' in size <10> not available
(Font)              Font shape `OT1/ptm/b/it' tried instead on input line 724.
LaTeX Font Info:    Font shape `OT1/ptm/bx/n' in size <11> not available
(Font)              Font shape `OT1/ptm/b/n' tried instead on input line 724.
LaTeX Font Info:    Font shape `OT1/ptm/bx/it' in size <11> not available
(Font)              Font shape `OT1/ptm/b/it' tried instead on input line 724.
LaTeX Font Info:    Font shape `OT1/ptm/bx/n' in size <12> not available
(Font)              Font shape `OT1/ptm/b/n' tried instead on input line 724.
LaTeX Font Info:    Font shape `OT1/ptm/bx/it' in size <12> not available
(Font)              Font shape `OT1/ptm/b/it' tried instead on input line 724.
LaTeX Font Info:    Font shape `OT1/ptm/bx/n' in size <17> not available
(Font)              Font shape `OT1/ptm/b/n' tried instead on input line 724.
LaTeX Font Info:    Font shape `OT1/ptm/bx/it' in size <17> not available
(Font)              Font shape `OT1/ptm/b/it' tried instead on input line 724.
LaTeX Font Info:    Font shape `OT1/ptm/bx/n' in size <20> not available
(Font)              Font shape `OT1/ptm/b/n' tried instead on input line 724.
LaTeX Font Info:    Font shape `OT1/ptm/bx/it' in size <20> not available
(Font)              Font shape `OT1/ptm/b/it' tried instead on input line 724.
LaTeX Font Info:    Font shape `OT1/ptm/bx/n' in size <24> not available
(Font)              Font shape `OT1/ptm/b/n' tried instead on input line 724.
LaTeX Font Info:    Font shape `OT1/ptm/bx/it' in size <24> not available
(Font)              Font shape `OT1/ptm/b/it' tried instead on input line 724.
\IEEEilabelindentA=\dimen108
\IEEEilabelindentB=\dimen109
\IEEEilabelindent=\dimen110
\IEEEelabelindent=\dimen111
\IEEEdlabelindent=\dimen112
\IEEElabelindent=\dimen113
\IEEEiednormlabelsep=\dimen114
\IEEEiedmathlabelsep=\dimen115
\IEEEiedtopsep=\skip41
\c@section=\count81
\c@subsection=\count82
\c@subsubsection=\count83
\c@paragraph=\count84
\c@IEEEsubequation=\count85
\abovecaptionskip=\skip42
\belowcaptionskip=\skip43
\c@figure=\count86
\c@table=\count87
\@IEEEeqnnumcols=\count88
\@IEEEeqncolcnt=\count89
\@IEEEtmpitemindent=\dimen116
\c@IEEEbiography=\count90
\@IEEEtranrubishbin=\box26
) (/usr/share/texmf-texlive/tex/latex/graphics/graphicx.sty
Package: graphicx 1999/02/16 v1.0f Enhanced LaTeX Graphics (DPC,SPQR)

(/usr/share/texmf-texlive/tex/latex/graphics/keyval.sty
Package: keyval 1999/03/16 v1.13 key=value parser (DPC)
\KV@toks@=\toks15
)
(/usr/share/texmf-texlive/tex/latex/graphics/graphics.sty
Package: graphics 2006/02/20 v1.0o Standard LaTeX Graphics (DPC,SPQR)

(/usr/share/texmf-texlive/tex/latex/graphics/trig.sty
Package: trig 1999/03/16 v1.09 sin cos tan (DPC)
)
(/etc/texmf/tex/latex/config/graphics.cfg
File: graphics.cfg 2007/01/18 v1.5 graphics configuration of teTeX/TeXLive
)
Package graphics Info: Driver file: pdftex.def on input line 90.

(/usr/share/texmf-texlive/tex/latex/pdftex-def/pdftex.def
File: pdftex.def 2007/01/08 v0.04d Graphics/color for pdfTeX
\Gread@gobject=\count91
))
\Gin@req@height=\dimen117
\Gin@req@width=\dimen118
)
(/usr/share/texmf-texlive/tex/latex/psnfss/times.sty
Package: times 2005/04/12 PSNFSS-v9.2a (SPQR) 
)
(/usr/share/texmf-texlive/tex/latex/amsmath/amsmath.sty
Package: amsmath 2000/07/18 v2.13 AMS math features
\@mathmargin=\skip44

For additional information on amsmath, use the `?' option.
(/usr/share/texmf-texlive/tex/latex/amsmath/amstext.sty
Package: amstext 2000/06/29 v2.01

(/usr/share/texmf-texlive/tex/latex/amsmath/amsgen.sty
File: amsgen.sty 1999/11/30 v2.0
\@emptytoks=\toks16
\ex@=\dimen119
))
(/usr/share/texmf-texlive/tex/latex/amsmath/amsbsy.sty
Package: amsbsy 1999/11/29 v1.2d
\pmbraise@=\dimen120
)
(/usr/share/texmf-texlive/tex/latex/amsmath/amsopn.sty
Package: amsopn 1999/12/14 v2.01 operator names
)
\inf@bad=\count92
LaTeX Info: Redefining \frac on input line 211.
\uproot@=\count93
\leftroot@=\count94
LaTeX Info: Redefining \overline on input line 307.
\classnum@=\count95
\DOTSCASE@=\count96
LaTeX Info: Redefining \ldots on input line 379.
LaTeX Info: Redefining \dots on input line 382.
LaTeX Info: Redefining \cdots on input line 467.
\Mathstrutbox@=\box27
\strutbox@=\box28
\big@size=\dimen121
LaTeX Font Info:    Redeclaring font encoding OML on input line 567.
LaTeX Font Info:    Redeclaring font encoding OMS on input line 568.
\macc@depth=\count97
\c@MaxMatrixCols=\count98
\dotsspace@=\muskip10
\c@parentequation=\count99
\dspbrk@lvl=\count100
\tag@help=\toks17
\row@=\count101
\column@=\count102
\maxfields@=\count103
\andhelp@=\toks18
\eqnshift@=\dimen122
\alignsep@=\dimen123
\tagshift@=\dimen124
\tagwidth@=\dimen125
\totwidth@=\dimen126
\lineht@=\dimen127
\@envbody=\toks19
\multlinegap=\skip45
\multlinetaggap=\skip46
\mathdisplay@stack=\toks20
LaTeX Info: Redefining \[ on input line 2666.
LaTeX Info: Redefining \] on input line 2667.
)
** ATTENTION: Overriding command lockouts (line 9).
(./mario.aux)
\openout1 = `mario.aux'.

LaTeX Font Info:    Checking defaults for OML/cmm/m/it on input line 18.
LaTeX Font Info:    ... okay on input line 18.
LaTeX Font Info:    Checking defaults for T1/cmr/m/n on input line 18.
LaTeX Font Info:    ... okay on input line 18.
LaTeX Font Info:    Checking defaults for OT1/cmr/m/n on input line 18.
LaTeX Font Info:    ... okay on input line 18.
LaTeX Font Info:    Checking defaults for OMS/cmsy/m/n on input line 18.
LaTeX Font Info:    ... okay on input line 18.
LaTeX Font Info:    Checking defaults for OMX/cmex/m/n on input line 18.
LaTeX Font Info:    ... okay on input line 18.
LaTeX Font Info:    Checking defaults for U/cmr/m/n on input line 18.
LaTeX Font Info:    ... okay on input line 18.
LaTeX Font Info:    Try loading font information for OT1+pcr on input line 27.
 (/usr/share/texmf-texlive/tex/latex/psnfss/ot1pcr.fd
File: ot1pcr.fd 2001/06/04 font definitions for OT1/pcr.
)
Underfull \hbox (badness 10000) in paragraph at lines 27--27
[][][]\OT1/ptm/m/n/8 Diego Perez is an in-de-pen-dent au-thor, email:
 []


Underfull \hbox (badness 10000) in paragraph at lines 27--27
\OT1/pcr/m/n/8 Diego.Perez.Liebana@gmail.com\OT1/ptm/m/n/8 ; Miguel Nico-lau, M
ichael
 []


Underfull \hbox (badness 5008) in paragraph at lines 27--27
\OT1/ptm/m/n/8 O'Neill and An-thony Brabazon are with the Nat-u-ral Com-put-ing

 []


Underfull \hbox (badness 10000) in paragraph at lines 27--27
\OT1/ptm/m/n/8 email \OT1/pcr/m/n/8 Miguel.Nicolau@ucd.ie\OT1/ptm/m/n/8 , \OT1/
pcr/m/n/8 Michael.ONeill@ucd.ie\OT1/ptm/m/n/8 ,
 []

[1{/var/lib/texmf/fonts/map/pdftex/updmap/pdftex.map}


]
<images/trapMatrix.png, id=11, 482.55281pt x 182.18062pt>
File: images/trapMatrix.png Graphic file (type png)

<use images/trapMatrix.png> [2 <./images/trapMatrix.png>]
<images/trap.png, id=16, 482.55281pt x 179.92218pt>
File: images/trap.png Graphic file (type png)
 <use images/trap.png>
<images/trapOnlyMap.png, id=17, 301.8778pt x 122.70844pt>
File: images/trapOnlyMap.png Graphic file (type png)

<use images/trapOnlyMap.png>
<images/trapNodes.png, id=18, 301.125pt x 121.20282pt>
File: images/trapNodes.png Graphic file (type png)

<use images/trapNodes.png> [3 <./images/trap.png (PNG copy)> <./images/trapOnly
Map.png (PNG copy)> <./images/trapNodes.png>]
<images/trapMapNoted.png, id=27, 301.8778pt x 119.69719pt>
File: images/trapMapNoted.png Graphic file (type png)

<use images/trapMapNoted.png> [4 <./images/trapMapNoted.png>]
Overfull \hbox (11.88367pt too wide) in paragraph at lines 701--701
[]\OT1/pcr/m/n/10 <Condition> ::= if(obstacleAhead) <Action>;[] 
 []


Underfull \hbox (badness 1371) in paragraph at lines 718--723
\OT1/cmr/m/n/10 1$\OT1/ptm/m/n/10 , and through $\OT1/cmr/m/n/10 6%5 = 1$ \OT1/
ptm/m/n/10 it be-comes \OT1/pcr/m/n/10 moveRight;
 []

[5]
Underfull \hbox (badness 10000) in paragraph at lines 767--769
[]\OT1/ptm/m/n/10 The root node con-sists of a se-lec-tor
 []


Underfull \hbox (badness 10000) in paragraph at lines 767--769
\OT1/ptm/m/n/10 (\OT1/pcr/m/n/10 rootSelector\OT1/ptm/m/n/10 ), with a vari-abl
e num-ber of
 []


Underfull \hbox (badness 2134) in paragraph at lines 772--775
[]\OT1/ptm/m/n/10 A last (un-con-di-tioned) \OT1/pcr/m/n/10 BehaviourBlock\OT1/
ptm/m/n/10 , called
 []

<images/defaultTree.pdf, id=35, 3360.75104pt x 1144.47092pt>
File: images/defaultTree.pdf Graphic file (type pdf)

<use images/defaultTree.pdf>
<images/lastButOne2.png, id=36, 3261.18375pt x 1505.625pt>
File: images/lastButOne2.png Graphic file (type png)

<use images/lastButOne2.png>
Underfull \hbox (badness 10000) in paragraph at lines 857--870
[]\OT1/ptm/m/n/10 With the syn-tax de-scribed above, each
 []


Underfull \hbox (badness 1424) in paragraph at lines 857--870
\OT1/pcr/m/n/10 BehaviourBlock \OT1/ptm/m/n/10 be-comes a self-contained struc-
ture,
 []


Underfull \hbox (badness 1831) in paragraph at lines 857--870
\OT1/ptm/m/n/10 and it makes sense to al-low in-di-vid-u-als to ex-change
 []


Underfull \hbox (badness 1442) in paragraph at lines 857--870
\OT1/ptm/m/n/10 stan-dard GE would pro-vide more ex-plo-ration but less
 []

[6 <./images/defaultTree.pdf

pdfTeX warning: pdflatex (file ./images/defaultTree.pdf): PDF inclusion: Page G
roup detected which pdfTeX can't handle. Ignoring it.
> <./images/lastButOne2.png>] <images/mbi.pdf, id=50, 794.97pt x 614.295pt>
File: images/mbi.pdf Graphic file (type pdf)

<use images/mbi.pdf> <images/mbg.pdf, id=51, 794.97pt x 614.295pt>
File: images/mbg.pdf Graphic file (type pdf)

<use images/mbg.pdf> [7 <./images/mbi.pdf, page is rotated 90 degrees> <./image
s/mbg.pdf, page is rotated 90 degrees>]
Missing character: There is no ‚ in font ptmr7t!
Missing character: There is no Ä in font ptmr7t!
Missing character: There is no ì in font ptmr7t!
Missing character: There is no ‚ in font ptmr7t!
Missing character: There is no Ä in font ptmr7t!
Missing character: There is no ú in font ptmr7t!
Missing character: There is no ‚ in font ptmr7t!
Missing character: There is no Ä in font ptmr7t!
Missing character: There is no ù in font ptmr7t!


** Conference Paper **
Before submitting the final camera ready copy, remember to:

 1. Manually equalize the lengths of two columns on the last page
 of your paper;

 2. Ensure that any PostScript and/or PDF output post-processing
 uses only Type 1 fonts and that every step in the generation
 process uses the appropriate paper size.

[8] (./mario.aux) ) 
Here is how much of TeX's memory you used:
 2008 strings out of 95086
 29065 string characters out of 1183256
 85856 words of memory out of 1500000
 5183 multiletter control sequences out of 10000+50000
 39624 words of font info for 79 fonts, out of 1200000 for 2000
 32 hyphenation exceptions out of 8191
 27i,8n,20p,455b,291s stack positions out of 5000i,500n,6000p,200000b,5000s
{/usr/share/texmf-texlive/fonts/enc/dvips/base/8r.enc}</usr/
share/texmf-texlive/fonts/type1/bluesky/cm/cmmi10.pfb></usr/share/texmf-texlive
/fonts/type1/bluesky/cm/cmmi7.pfb></usr/share/texmf-texlive/fonts/type1/bluesky
/cm/cmr10.pfb></usr/share/texmf-texlive/fonts/type1/bluesky/cm/cmr8.pfb></usr/s
hare/texmf-texlive/fonts/type1/bluesky/cm/cmsy10.pfb></usr/share/texmf-texlive/
fonts/type1/bluesky/cm/cmsy7.pfb></usr/share/texmf-texlive/fonts/type1/urw/cour
ier/ucrr8a.pfb></usr/share/texmf-texlive/fonts/type1/urw/times/utmb8a.pfb></usr
/share/texmf-texlive/fonts/type1/urw/times/utmbi8a.pfb></usr/share/texmf-texliv
e/fonts/type1/urw/times/utmr8a.pfb></usr/share/texmf-texlive/fonts/type1/urw/ti
mes/utmri8a.pfb>
Output written on mario.pdf (8 pages, 426928 bytes).
PDF statistics:
 104 PDF objects out of 1000 (max. 8388607)
 0 named destinations out of 1000 (max. 131072)
 46 words of extra memory for PDF output out of 10000 (max. 10000000)

